<?xml version="1.0" encoding="UTF-8"?>
<testng-results skipped="0" failed="0" ignored="0" total="1" passed="1">
  <reporter-output>
    <line>
      <![CDATA[Browser Launched]]>
    </line>
    <line>
      <![CDATA[Logged Out]]>
    </line>
  </reporter-output>
  <suite name="Suite" duration-ms="5611" started-at="2021-09-26T20:09:33 IST" finished-at="2021-09-26T20:09:39 IST">
    <groups>
    </groups>
    <test name="Test" duration-ms="5611" started-at="2021-09-26T20:09:33 IST" finished-at="2021-09-26T20:09:39 IST">
      <class name="com.testscripts.BookRoundTripTicket">
        <test-method status="PASS" signature="configBC(java.lang.String)[pri:0, instance:com.testscripts.BookRoundTripTicket@5b3a7ef5]" name="configBC" is-config="true" duration-ms="2171" started-at="2021-09-26T20:09:34 IST" finished-at="2021-09-26T20:09:36 IST">
          <params>
            <param index="0">
              <value>
                <![CDATA[chrome]]>
              </value>
            </param>
          </params>
          <reporter-output>
          </reporter-output>
        </test-method> <!-- configBC -->
        <test-method status="PASS" signature="configBM()[pri:0, instance:com.testscripts.BookRoundTripTicket@5b3a7ef5]" name="configBM" is-config="true" duration-ms="1" started-at="2021-09-26T20:09:36 IST" finished-at="2021-09-26T20:09:36 IST">
          <reporter-output>
            <line>
              <![CDATA[Browser Launched]]>
            </line>
          </reporter-output>
        </test-method> <!-- configBM -->
        <test-method status="PASS" signature="bookRoundTripTicket()[pri:0, instance:com.testscripts.BookRoundTripTicket@5b3a7ef5]" name="bookRoundTripTicket" duration-ms="3303" started-at="2021-09-26T20:09:36 IST" finished-at="2021-09-26T20:09:39 IST">
          <reporter-output>
          </reporter-output>
        </test-method> <!-- bookRoundTripTicket -->
        <test-method status="PASS" signature="configAM()[pri:0, instance:com.testscripts.BookRoundTripTicket@5b3a7ef5]" name="configAM" is-config="true" duration-ms="3" started-at="2021-09-26T20:09:39 IST" finished-at="2021-09-26T20:09:39 IST">
          <reporter-output>
            <line>
              <![CDATA[Logged Out]]>
            </line>
          </reporter-output>
        </test-method> <!-- configAM -->
        <test-method status="PASS" signature="configAC()[pri:0, instance:com.testscripts.BookRoundTripTicket@5b3a7ef5]" name="configAC" is-config="true" duration-ms="1" started-at="2021-09-26T20:09:39 IST" finished-at="2021-09-26T20:09:39 IST">
          <reporter-output>
          </reporter-output>
        </test-method> <!-- configAC -->
      </class> <!-- com.testscripts.BookRoundTripTicket -->
    </test> <!-- Test -->
  </suite> <!-- Suite -->
</testng-results>
