<?xml version="1.0" encoding="UTF-8"?>
<testng-results skipped="0" failed="1" ignored="0" total="1" passed="0">
  <reporter-output>
    <line>
      <![CDATA[Browser Launched]]>
    </line>
    <line>
      <![CDATA[Ad missing]]>
    </line>
    <line>
      <![CDATA[Logged Out]]>
    </line>
  </reporter-output>
  <suite name="Suite" duration-ms="78480" started-at="2021-09-27T11:53:43 IST" finished-at="2021-09-27T11:55:02 IST">
    <groups>
    </groups>
    <test name="Test" duration-ms="78480" started-at="2021-09-27T11:53:43 IST" finished-at="2021-09-27T11:55:02 IST">
      <class name="com.testscripts.BookRoundTripTicket">
        <test-method status="PASS" signature="configBC(java.lang.String)[pri:0, instance:com.testscripts.BookRoundTripTicket@cb7fa71]" name="configBC" is-config="true" duration-ms="3784" started-at="2021-09-27T11:53:43 IST" finished-at="2021-09-27T11:53:47 IST">
          <params>
            <param index="0">
              <value>
                <![CDATA[chrome]]>
              </value>
            </param>
          </params>
          <reporter-output>
          </reporter-output>
        </test-method> <!-- configBC -->
        <test-method status="PASS" signature="configBM()[pri:0, instance:com.testscripts.BookRoundTripTicket@cb7fa71]" name="configBM" is-config="true" duration-ms="4" started-at="2021-09-27T11:53:47 IST" finished-at="2021-09-27T11:53:47 IST">
          <reporter-output>
            <line>
              <![CDATA[Browser Launched]]>
            </line>
          </reporter-output>
        </test-method> <!-- configBM -->
        <test-method status="FAIL" signature="bookRoundTripTicket()[pri:0, instance:com.testscripts.BookRoundTripTicket@cb7fa71]" name="bookRoundTripTicket" duration-ms="74444" started-at="2021-09-27T11:53:47 IST" finished-at="2021-09-27T11:55:02 IST">
          <exception class="org.openqa.selenium.NoSuchElementException">
            <message>
              <![CDATA[no such element: Unable to locate element: {"method":"xpath","selector":"//span[text()='I do not wish to secure my trip']/preceding-sibling::span[@class="customRadioBtn"]"}
  (Session info: chrome=94.0.4606.61)
For documentation on this error, please visit: https://www.seleniumhq.org/exceptions/no_such_element.html
Build info: version: '3.141.59', revision: 'e82be7d358', time: '2018-11-14T08:17:03'
System info: host: 'HARSHITH', ip: '30.30.30.25', os.name: 'Windows 10', os.arch: 'amd64', os.version: '10.0', java.version: '1.8.0_241'
Driver info: org.openqa.selenium.chrome.ChromeDriver
Capabilities {acceptInsecureCerts: false, browserName: chrome, browserVersion: 94.0.4606.61, chrome: {chromedriverVersion: 93.0.4577.63 (ff5c0da2ec0ad..., userDataDir: C:\Users\harsh\AppData\Loca...}, goog:chromeOptions: {debuggerAddress: localhost:49262}, javascriptEnabled: true, networkConnectionEnabled: false, pageLoadStrategy: normal, platform: WINDOWS, platformName: WINDOWS, proxy: Proxy(), setWindowRect: true, strictFileInteractability: false, timeouts: {implicit: 0, pageLoad: 300000, script: 30000}, unhandledPromptBehavior: dismiss and notify, webauthn:extension:credBlob: true, webauthn:extension:largeBlob: true, webauthn:virtualAuthenticators: true}
Session ID: 773620963dcd4155bfc0b031675a729c
*** Element info: {Using=xpath, value=//span[text()='I do not wish to secure my trip']/preceding-sibling::span[@class="customRadioBtn"]}]]>
            </message>
            <full-stacktrace>
              <![CDATA[org.openqa.selenium.NoSuchElementException: no such element: Unable to locate element: {"method":"xpath","selector":"//span[text()='I do not wish to secure my trip']/preceding-sibling::span[@class="customRadioBtn"]"}
  (Session info: chrome=94.0.4606.61)
For documentation on this error, please visit: https://www.seleniumhq.org/exceptions/no_such_element.html
Build info: version: '3.141.59', revision: 'e82be7d358', time: '2018-11-14T08:17:03'
System info: host: 'HARSHITH', ip: '30.30.30.25', os.name: 'Windows 10', os.arch: 'amd64', os.version: '10.0', java.version: '1.8.0_241'
Driver info: org.openqa.selenium.chrome.ChromeDriver
Capabilities {acceptInsecureCerts: false, browserName: chrome, browserVersion: 94.0.4606.61, chrome: {chromedriverVersion: 93.0.4577.63 (ff5c0da2ec0ad..., userDataDir: C:\Users\harsh\AppData\Loca...}, goog:chromeOptions: {debuggerAddress: localhost:49262}, javascriptEnabled: true, networkConnectionEnabled: false, pageLoadStrategy: normal, platform: WINDOWS, platformName: WINDOWS, proxy: Proxy(), setWindowRect: true, strictFileInteractability: false, timeouts: {implicit: 0, pageLoad: 300000, script: 30000}, unhandledPromptBehavior: dismiss and notify, webauthn:extension:credBlob: true, webauthn:extension:largeBlob: true, webauthn:virtualAuthenticators: true}
Session ID: 773620963dcd4155bfc0b031675a729c
*** Element info: {Using=xpath, value=//span[text()='I do not wish to secure my trip']/preceding-sibling::span[@class="customRadioBtn"]}
at sun.reflect.NativeConstructorAccessorImpl.newInstance0(Native Method)
at sun.reflect.NativeConstructorAccessorImpl.newInstance(Unknown Source)
at sun.reflect.DelegatingConstructorAccessorImpl.newInstance(Unknown Source)
at java.lang.reflect.Constructor.newInstance(Unknown Source)
at org.openqa.selenium.remote.http.W3CHttpResponseCodec.createException(W3CHttpResponseCodec.java:187)
at org.openqa.selenium.remote.http.W3CHttpResponseCodec.decode(W3CHttpResponseCodec.java:122)
at org.openqa.selenium.remote.http.W3CHttpResponseCodec.decode(W3CHttpResponseCodec.java:49)
at org.openqa.selenium.remote.HttpCommandExecutor.execute(HttpCommandExecutor.java:158)
at org.openqa.selenium.remote.service.DriverCommandExecutor.execute(DriverCommandExecutor.java:83)
at org.openqa.selenium.remote.RemoteWebDriver.execute(RemoteWebDriver.java:552)
at org.openqa.selenium.remote.RemoteWebDriver.findElement(RemoteWebDriver.java:323)
at org.openqa.selenium.remote.RemoteWebDriver.findElementByXPath(RemoteWebDriver.java:428)
at org.openqa.selenium.By$ByXPath.findElement(By.java:353)
at org.openqa.selenium.remote.RemoteWebDriver.findElement(RemoteWebDriver.java:315)
at org.openqa.selenium.support.pagefactory.DefaultElementLocator.findElement(DefaultElementLocator.java:69)
at org.openqa.selenium.support.pagefactory.internal.LocatingElementHandler.invoke(LocatingElementHandler.java:38)
at com.sun.proxy.$Proxy12.click(Unknown Source)
at com.testscripts.BookRoundTripTicket.bookTicket(BookRoundTripTicket.java:98)
at com.testscripts.BookRoundTripTicket.bookRoundTripTicket(BookRoundTripTicket.java:52)
at sun.reflect.NativeMethodAccessorImpl.invoke0(Native Method)
at sun.reflect.NativeMethodAccessorImpl.invoke(Unknown Source)
at sun.reflect.DelegatingMethodAccessorImpl.invoke(Unknown Source)
at java.lang.reflect.Method.invoke(Unknown Source)
at org.testng.internal.MethodInvocationHelper.invokeMethod(MethodInvocationHelper.java:134)
at org.testng.internal.TestInvoker.invokeMethod(TestInvoker.java:597)
at org.testng.internal.TestInvoker.invokeTestMethod(TestInvoker.java:173)
at org.testng.internal.MethodRunner.runInSequence(MethodRunner.java:46)
at org.testng.internal.TestInvoker$MethodInvocationAgent.invoke(TestInvoker.java:816)
at org.testng.internal.TestInvoker.invokeTestMethods(TestInvoker.java:146)
at org.testng.internal.TestMethodWorker.invokeTestMethods(TestMethodWorker.java:146)
at org.testng.internal.TestMethodWorker.run(TestMethodWorker.java:128)
at java.util.ArrayList.forEach(Unknown Source)
at org.testng.TestRunner.privateRun(TestRunner.java:766)
at org.testng.TestRunner.run(TestRunner.java:587)
at org.testng.SuiteRunner.runTest(SuiteRunner.java:384)
at org.testng.SuiteRunner.runSequentially(SuiteRunner.java:378)
at org.testng.SuiteRunner.privateRun(SuiteRunner.java:337)
at org.testng.SuiteRunner.run(SuiteRunner.java:286)
at org.testng.SuiteRunnerWorker.runSuite(SuiteRunnerWorker.java:53)
at org.testng.SuiteRunnerWorker.run(SuiteRunnerWorker.java:96)
at org.testng.TestNG.runSuitesSequentially(TestNG.java:1187)
at org.testng.TestNG.runSuitesLocally(TestNG.java:1109)
at org.testng.TestNG.runSuites(TestNG.java:1039)
at org.testng.TestNG.run(TestNG.java:1007)
at org.testng.remote.AbstractRemoteTestNG.run(AbstractRemoteTestNG.java:115)
at org.testng.remote.RemoteTestNG.initAndRun(RemoteTestNG.java:251)
at org.testng.remote.RemoteTestNG.main(RemoteTestNG.java:77)
]]>
            </full-stacktrace>
          </exception> <!-- org.openqa.selenium.NoSuchElementException -->
          <reporter-output>
            <line>
              <![CDATA[Ad missing]]>
            </line>
          </reporter-output>
        </test-method> <!-- bookRoundTripTicket -->
        <test-method status="PASS" signature="configAM()[pri:0, instance:com.testscripts.BookRoundTripTicket@cb7fa71]" name="configAM" is-config="true" duration-ms="1" started-at="2021-09-27T11:55:02 IST" finished-at="2021-09-27T11:55:02 IST">
          <reporter-output>
            <line>
              <![CDATA[Logged Out]]>
            </line>
          </reporter-output>
        </test-method> <!-- configAM -->
        <test-method status="PASS" signature="configAC()[pri:0, instance:com.testscripts.BookRoundTripTicket@cb7fa71]" name="configAC" is-config="true" duration-ms="0" started-at="2021-09-27T11:55:02 IST" finished-at="2021-09-27T11:55:02 IST">
          <reporter-output>
          </reporter-output>
        </test-method> <!-- configAC -->
      </class> <!-- com.testscripts.BookRoundTripTicket -->
    </test> <!-- Test -->
  </suite> <!-- Suite -->
</testng-results>
